#
# There is insufficient memory for the Java Runtime Environment to continue.
# Native memory allocation (malloc) failed to allocate 116704 bytes for Chunk::new
# Possible reasons:
#   The system is out of physical RAM or swap space
#   The process is running with CompressedOops enabled, and the Java Heap may be blocking the growth of the native heap
# Possible solutions:
#   Reduce memory load on the system
#   Increase physical memory or swap space
#   Check if swap backing store is full
#   Decrease Java heap size (-Xmx/-Xms)
#   Decrease number of Java threads
#   Decrease Java thread stack sizes (-Xss)
#   Set larger code cache with -XX:ReservedCodeCacheSize=
#   JVM is running with Unscaled Compressed Oops mode in which the Java heap is
#     placed in the first 4GB address space. The Java Heap base address is the
#     maximum limit for the native heap growth. Please use -XX:HeapBaseMinAddress
#     to set the Java Heap base and to place the Java Heap above 4GB virtual address.
# This output file may be truncated or incomplete.
#
#  Out of Memory Error (arena.cpp:168), pid=14828, tid=17668
#
# JRE version: Java(TM) SE Runtime Environment (21.0.1+12) (build 21.0.1+12-LTS-29)
# Java VM: Java HotSpot(TM) 64-Bit Server VM (21.0.1+12-LTS-29, mixed mode, sharing, tiered, compressed oops, compressed class ptrs, g1 gc, windows-amd64)
# No core dump will be written. Minidumps are not enabled by default on client versions of Windows
#

---------------  S U M M A R Y ------------

Command Line: views.main.client.ClientLogin

Host: 11th Gen Intel(R) Core(TM) i5-1135G7 @ 2.40GHz, 8 cores, 7G,  Windows 10 , 64 bit Build 19041 (10.0.19041.3636)
Time: Sun Mar 31 00:46:32 2024 SE Asia Standard Time elapsed time: 80.840496 seconds (0d 0h 1m 20s)

---------------  T H R E A D  ---------------

Current thread (0x000001c1111c5870):  JavaThread "C2 CompilerThread0" daemon [_thread_in_native, id=17668, stack(0x00000001c0600000,0x00000001c0700000) (1024K)]


Current CompileTask:
C2:  80840 5312       4       sun.java2d.marlin.TransformingPathConsumer2D$PathClipFilter::curveTo (317 bytes)

Stack: [0x00000001c0600000,0x00000001c0700000]
Native frames: (J=compiled Java code, j=interpreted, Vv=VM code, C=native code)
V  [jvm.dll+0x6c9029]
V  [jvm.dll+0x854b81]
V  [jvm.dll+0x856e5e]
V  [jvm.dll+0x857543]
V  [jvm.dll+0x280c06]
V  [jvm.dll+0xc3ead]
V  [jvm.dll+0xc43c3]
V  [jvm.dll+0x3b576c]
V  [jvm.dll+0x382475]
V  [jvm.dll+0x3818ea]
V  [jvm.dll+0x249ad0]
V  [jvm.dll+0x2490b1]
V  [jvm.dll+0x1c9ca1]
V  [jvm.dll+0x2586b9]
V  [jvm.dll+0x256c9a]
V  [jvm.dll+0x3ef1b6]
V  [jvm.dll+0x7fd728]
V  [jvm.dll+0x6c777d]
C  [ucrtbase.dll+0x21bb2]
C  [KERNEL32.DLL+0x17344]
C  [ntdll.dll+0x526b1]


---------------  P R O C E S S  ---------------

Threads class SMR info:
_java_thread_list=0x000001c1584bbd80, length=16, elements={
0x000001c1111b86b0, 0x000001c1111b95d0, 0x000001c1111bc400, 0x000001c1111bf1f0,
0x000001c1111c03f0, 0x000001c1111c15f0, 0x000001c1111c5870, 0x000001c1111daca0,
0x000001c111476280, 0x000001c1114792d0, 0x000001c1116358e0, 0x000001c111638120,
0x000001c111638960, 0x000001c1116a75f0, 0x000001c1726dfc60, 0x000001c158096b50
}

Java Threads: ( => current thread )
  0x000001c1111b86b0 JavaThread "Reference Handler"          daemon [_thread_blocked, id=15916, stack(0x00000001c0000000,0x00000001c0100000) (1024K)]
  0x000001c1111b95d0 JavaThread "Finalizer"                  daemon [_thread_blocked, id=9080, stack(0x00000001c0100000,0x00000001c0200000) (1024K)]
  0x000001c1111bc400 JavaThread "Signal Dispatcher"          daemon [_thread_blocked, id=16616, stack(0x00000001c0200000,0x00000001c0300000) (1024K)]
  0x000001c1111bf1f0 JavaThread "Attach Listener"            daemon [_thread_blocked, id=11024, stack(0x00000001c0300000,0x00000001c0400000) (1024K)]
  0x000001c1111c03f0 JavaThread "Service Thread"             daemon [_thread_blocked, id=11068, stack(0x00000001c0400000,0x00000001c0500000) (1024K)]
  0x000001c1111c15f0 JavaThread "Monitor Deflation Thread"   daemon [_thread_blocked, id=17052, stack(0x00000001c0500000,0x00000001c0600000) (1024K)]
=>0x000001c1111c5870 JavaThread "C2 CompilerThread0"         daemon [_thread_in_native, id=17668, stack(0x00000001c0600000,0x00000001c0700000) (1024K)]
  0x000001c1111daca0 JavaThread "C1 CompilerThread0"         daemon [_thread_blocked, id=13076, stack(0x00000001c0700000,0x00000001c0800000) (1024K)]
  0x000001c111476280 JavaThread "Notification Thread"        daemon [_thread_blocked, id=2160, stack(0x00000001c0800000,0x00000001c0900000) (1024K)]
  0x000001c1114792d0 JavaThread "Common-Cleaner"             daemon [_thread_blocked, id=19520, stack(0x00000001c0900000,0x00000001c0a00000) (1024K)]
  0x000001c1116358e0 JavaThread "Java2D Disposer"            daemon [_thread_blocked, id=5956, stack(0x00000001c0a00000,0x00000001c0b00000) (1024K)]
  0x000001c111638120 JavaThread "AWT-Shutdown"                      [_thread_blocked, id=19396, stack(0x00000001c0b00000,0x00000001c0c00000) (1024K)]
  0x000001c111638960 JavaThread "AWT-Windows"                daemon [_thread_in_native, id=21824, stack(0x00000001c0c00000,0x00000001c0d00000) (1024K)]
  0x000001c1116a75f0 JavaThread "AWT-EventQueue-0"                  [_thread_blocked, id=3344, stack(0x00000001c0d00000,0x00000001c0e00000) (1024K)]
  0x000001c1726dfc60 JavaThread "DestroyJavaVM"                     [_thread_blocked, id=16632, stack(0x00000001bf800000,0x00000001bf900000) (1024K)]
  0x000001c158096b50 JavaThread "TimerQueue"                 daemon [_thread_blocked, id=4712, stack(0x00000001c1300000,0x00000001c1400000) (1024K)]
Total: 16

Other Threads:
  0x000001c111199700 VMThread "VM Thread"                           [id=16544, stack(0x00000001bff00000,0x00000001c0000000) (1024K)]
  0x000001c111181930 WatcherThread "VM Periodic Task Thread"        [id=15908, stack(0x00000001bfe00000,0x00000001bff00000) (1024K)]
  0x000001c174804ca0 WorkerThread "GC Thread#0"                     [id=13604, stack(0x00000001bf900000,0x00000001bfa00000) (1024K)]
  0x000001c158142740 WorkerThread "GC Thread#1"                     [id=18780, stack(0x00000001c0f00000,0x00000001c1000000) (1024K)]
  0x000001c158142ae0 WorkerThread "GC Thread#2"                     [id=13392, stack(0x00000001c1400000,0x00000001c1500000) (1024K)]
  0x000001c158142e80 WorkerThread "GC Thread#3"                     [id=11288, stack(0x00000001c1500000,0x00000001c1600000) (1024K)]
  0x000001c158143220 WorkerThread "GC Thread#4"                     [id=720, stack(0x00000001c1600000,0x00000001c1700000) (1024K)]
  0x000001c1578140a0 WorkerThread "GC Thread#5"                     [id=8528, stack(0x00000001c1700000,0x00000001c1800000) (1024K)]
  0x000001c1579a1dc0 WorkerThread "GC Thread#6"                     [id=17572, stack(0x00000001c1800000,0x00000001c1900000) (1024K)]
  0x000001c1579a2c40 WorkerThread "GC Thread#7"                     [id=20044, stack(0x00000001c1900000,0x00000001c1a00000) (1024K)]
  0x000001c174816710 ConcurrentGCThread "G1 Main Marker"            [id=20168, stack(0x00000001bfa00000,0x00000001bfb00000) (1024K)]
  0x000001c1748178c0 WorkerThread "G1 Conc#0"                       [id=11804, stack(0x00000001bfb00000,0x00000001bfc00000) (1024K)]
  0x000001c1579a2160 WorkerThread "G1 Conc#1"                       [id=10300, stack(0x00000001c1b00000,0x00000001c1c00000) (1024K)]
  0x000001c111054590 ConcurrentGCThread "G1 Refine#0"               [id=1696, stack(0x00000001bfc00000,0x00000001bfd00000) (1024K)]
  0x000001c111054f10 ConcurrentGCThread "G1 Service"                [id=9504, stack(0x00000001bfd00000,0x00000001bfe00000) (1024K)]
Total: 15

Threads with active compile tasks:
C2 CompilerThread0    80876 5312       4       sun.java2d.marlin.TransformingPathConsumer2D$PathClipFilter::curveTo (317 bytes)
Total: 1

VM state: not at safepoint (normal execution)

VM Mutex/Monitor currently owned by a thread: None

Heap address: 0x0000000083200000, size: 1998 MB, Compressed Oops mode: 32-bit

CDS archive(s) mapped at: [0x000001c112000000-0x000001c112c90000-0x000001c112c90000), size 13172736, SharedBaseAddress: 0x000001c112000000, ArchiveRelocationMode: 1.
Compressed class space mapped at: 0x000001c113000000-0x000001c153000000, reserved size: 1073741824
Narrow klass base: 0x000001c112000000, Narrow klass shift: 0, Narrow klass range: 0x100000000

GC Precious Log:
 CardTable entry size: 512
 Card Set container configuration: InlinePtr #cards 5 size 8 Array Of Cards #cards 12 size 40 Howl #buckets 4 coarsen threshold 1843 Howl Bitmap #cards 512 size 80 coarsen threshold 460 Card regions per heap region 1 cards per card region 2048
 CPUs: 8 total, 8 available
 Memory: 7991M
 Large Page Support: Disabled
 NUMA Support: Disabled
 Compressed Oops: Enabled (32-bit)
 Heap Region Size: 1M
 Heap Min Capacity: 8M
 Heap Initial Capacity: 126M
 Heap Max Capacity: 1998M
 Pre-touch: Disabled
 Parallel Workers: 8
 Concurrent Workers: 2
 Concurrent Refinement Workers: 8
 Periodic GC: Disabled

Heap:
 garbage-first heap   total 59392K, used 28120K [0x0000000083200000, 0x0000000100000000)
  region size 1024K, 5 young (5120K), 1 survivors (1024K)
 Metaspace       used 25340K, committed 25600K, reserved 1114112K
  class space    used 2718K, committed 2816K, reserved 1048576K

Heap Regions: E=young(eden), S=young(survivor), O=old, HS=humongous(starts), HC=humongous(continues), CS=collection set, F=free, TAMS=top-at-mark-start, PB=parsable bottom
|   0|0x0000000083200000, 0x0000000083300000, 0x0000000083300000|100%|HS|  |TAMS 0x0000000083200000| PB 0x0000000083200000| Complete 
|   1|0x0000000083300000, 0x0000000083400000, 0x0000000083400000|100%|HC|  |TAMS 0x0000000083300000| PB 0x0000000083300000| Complete 
|   2|0x0000000083400000, 0x0000000083500000, 0x0000000083500000|100%|HC|  |TAMS 0x0000000083400000| PB 0x0000000083400000| Complete 
|   3|0x0000000083500000, 0x0000000083600000, 0x0000000083600000|100%|HS|  |TAMS 0x0000000083500000| PB 0x0000000083500000| Complete 
|   4|0x0000000083600000, 0x0000000083700000, 0x0000000083700000|100%|HC|  |TAMS 0x0000000083600000| PB 0x0000000083600000| Complete 
|   5|0x0000000083700000, 0x0000000083800000, 0x0000000083800000|100%|HC|  |TAMS 0x0000000083700000| PB 0x0000000083700000| Complete 
|   6|0x0000000083800000, 0x0000000083900000, 0x0000000083900000|100%|HC|  |TAMS 0x0000000083800000| PB 0x0000000083800000| Complete 
|   7|0x0000000083900000, 0x0000000083a00000, 0x0000000083a00000|100%| O|  |TAMS 0x0000000083900000| PB 0x0000000083900000| Untracked 
|   8|0x0000000083a00000, 0x0000000083b00000, 0x0000000083b00000|100%| O|  |TAMS 0x0000000083a00000| PB 0x0000000083a00000| Untracked 
|   9|0x0000000083b00000, 0x0000000083c00000, 0x0000000083c00000|100%| O|  |TAMS 0x0000000083b00000| PB 0x0000000083b00000| Untracked 
|  10|0x0000000083c00000, 0x0000000083d00000, 0x0000000083d00000|100%| O|  |TAMS 0x0000000083c00000| PB 0x0000000083c00000| Untracked 
|  11|0x0000000083d00000, 0x0000000083e00000, 0x0000000083e00000|100%| O|  |TAMS 0x0000000083d00000| PB 0x0000000083d00000| Untracked 
|  12|0x0000000083e00000, 0x0000000083e00000, 0x0000000083f00000|  0%| F|  |TAMS 0x0000000083e00000| PB 0x0000000083e00000| Untracked 
|  13|0x0000000083f00000, 0x0000000083f00000, 0x0000000084000000|  0%| F|  |TAMS 0x0000000083f00000| PB 0x0000000083f00000| Untracked 
|  14|0x0000000084000000, 0x0000000084000000, 0x0000000084100000|  0%| F|  |TAMS 0x0000000084000000| PB 0x0000000084000000| Untracked 
|  15|0x0000000084100000, 0x0000000084100000, 0x0000000084200000|  0%| F|  |TAMS 0x0000000084100000| PB 0x0000000084100000| Untracked 
|  16|0x0000000084200000, 0x0000000084200000, 0x0000000084300000|  0%| F|  |TAMS 0x0000000084200000| PB 0x0000000084200000| Untracked 
|  17|0x0000000084300000, 0x0000000084300000, 0x0000000084400000|  0%| F|  |TAMS 0x0000000084300000| PB 0x0000000084300000| Untracked 
|  18|0x0000000084400000, 0x0000000084400000, 0x0000000084500000|  0%| F|  |TAMS 0x0000000084400000| PB 0x0000000084400000| Untracked 
|  19|0x0000000084500000, 0x0000000084500000, 0x0000000084600000|  0%| F|  |TAMS 0x0000000084500000| PB 0x0000000084500000| Untracked 
|  20|0x0000000084600000, 0x0000000084600000, 0x0000000084700000|  0%| F|  |TAMS 0x0000000084600000| PB 0x0000000084600000| Untracked 
|  21|0x0000000084700000, 0x0000000084800000, 0x0000000084800000|100%|HS|  |TAMS 0x0000000084700000| PB 0x0000000084700000| Complete 
|  22|0x0000000084800000, 0x0000000084900000, 0x0000000084900000|100%|HC|  |TAMS 0x0000000084800000| PB 0x0000000084800000| Complete 
|  23|0x0000000084900000, 0x0000000084a00000, 0x0000000084a00000|100%|HC|  |TAMS 0x0000000084900000| PB 0x0000000084900000| Complete 
|  24|0x0000000084a00000, 0x0000000084b00000, 0x0000000084b00000|100%|HC|  |TAMS 0x0000000084a00000| PB 0x0000000084a00000| Complete 
|  25|0x0000000084b00000, 0x0000000084c00000, 0x0000000084c00000|100%|HC|  |TAMS 0x0000000084b00000| PB 0x0000000084b00000| Complete 
|  26|0x0000000084c00000, 0x0000000084d00000, 0x0000000084d00000|100%|HC|  |TAMS 0x0000000084c00000| PB 0x0000000084c00000| Complete 
|  27|0x0000000084d00000, 0x0000000084e00000, 0x0000000084e00000|100%|HC|  |TAMS 0x0000000084d00000| PB 0x0000000084d00000| Complete 
|  28|0x0000000084e00000, 0x0000000084f00000, 0x0000000084f00000|100%|HC|  |TAMS 0x0000000084e00000| PB 0x0000000084e00000| Complete 
|  29|0x0000000084f00000, 0x0000000085000000, 0x0000000085000000|100%| O|  |TAMS 0x0000000084f00000| PB 0x0000000084f00000| Untracked 
|  30|0x0000000085000000, 0x0000000085100000, 0x0000000085100000|100%| O|  |TAMS 0x0000000085000000| PB 0x0000000085000000| Untracked 
|  31|0x0000000085100000, 0x0000000085200000, 0x0000000085200000|100%| O|  |TAMS 0x0000000085100000| PB 0x0000000085100000| Untracked 
|  32|0x0000000085200000, 0x00000000852a8000, 0x0000000085300000| 65%| O|  |TAMS 0x0000000085200000| PB 0x0000000085200000| Untracked 
|  33|0x0000000085300000, 0x0000000085300000, 0x0000000085400000|  0%| F|  |TAMS 0x0000000085300000| PB 0x0000000085300000| Untracked 
|  34|0x0000000085400000, 0x00000000854ce150, 0x0000000085500000| 80%| S|CS|TAMS 0x0000000085400000| PB 0x0000000085400000| Complete 
|  35|0x0000000085500000, 0x0000000085500000, 0x0000000085600000|  0%| F|  |TAMS 0x0000000085500000| PB 0x0000000085500000| Untracked 
|  36|0x0000000085600000, 0x0000000085600000, 0x0000000085700000|  0%| F|  |TAMS 0x0000000085600000| PB 0x0000000085600000| Untracked 
|  37|0x0000000085700000, 0x0000000085700000, 0x0000000085800000|  0%| F|  |TAMS 0x0000000085700000| PB 0x0000000085700000| Untracked 
|  38|0x0000000085800000, 0x0000000085800000, 0x0000000085900000|  0%| F|  |TAMS 0x0000000085800000| PB 0x0000000085800000| Untracked 
|  39|0x0000000085900000, 0x0000000085900000, 0x0000000085a00000|  0%| F|  |TAMS 0x0000000085900000| PB 0x0000000085900000| Untracked 
|  40|0x0000000085a00000, 0x0000000085a00000, 0x0000000085b00000|  0%| F|  |TAMS 0x0000000085a00000| PB 0x0000000085a00000| Untracked 
|  41|0x0000000085b00000, 0x0000000085b00000, 0x0000000085c00000|  0%| F|  |TAMS 0x0000000085b00000| PB 0x0000000085b00000| Untracked 
|  42|0x0000000085c00000, 0x0000000085c00000, 0x0000000085d00000|  0%| F|  |TAMS 0x0000000085c00000| PB 0x0000000085c00000| Untracked 
|  43|0x0000000085d00000, 0x0000000085d00000, 0x0000000085e00000|  0%| F|  |TAMS 0x0000000085d00000| PB 0x0000000085d00000| Untracked 
|  44|0x0000000085e00000, 0x0000000085e00000, 0x0000000085f00000|  0%| F|  |TAMS 0x0000000085e00000| PB 0x0000000085e00000| Untracked 
|  45|0x0000000085f00000, 0x0000000085f00000, 0x0000000086000000|  0%| F|  |TAMS 0x0000000085f00000| PB 0x0000000085f00000| Untracked 
|  46|0x0000000086000000, 0x0000000086000000, 0x0000000086100000|  0%| F|  |TAMS 0x0000000086000000| PB 0x0000000086000000| Untracked 
|  47|0x0000000086100000, 0x0000000086100000, 0x0000000086200000|  0%| F|  |TAMS 0x0000000086100000| PB 0x0000000086100000| Untracked 
|  48|0x0000000086200000, 0x0000000086200000, 0x0000000086300000|  0%| F|  |TAMS 0x0000000086200000| PB 0x0000000086200000| Untracked 
|  49|0x0000000086300000, 0x0000000086300000, 0x0000000086400000|  0%| F|  |TAMS 0x0000000086300000| PB 0x0000000086300000| Untracked 
|  50|0x0000000086400000, 0x0000000086400000, 0x0000000086500000|  0%| F|  |TAMS 0x0000000086400000| PB 0x0000000086400000| Untracked 
|  51|0x0000000086500000, 0x0000000086500000, 0x0000000086600000|  0%| F|  |TAMS 0x0000000086500000| PB 0x0000000086500000| Untracked 
|  52|0x0000000086600000, 0x0000000086600000, 0x0000000086700000|  0%| F|  |TAMS 0x0000000086600000| PB 0x0000000086600000| Untracked 
|  53|0x0000000086700000, 0x0000000086700000, 0x0000000086800000|  0%| F|  |TAMS 0x0000000086700000| PB 0x0000000086700000| Untracked 
|  54|0x0000000086800000, 0x000000008686dee8, 0x0000000086900000| 42%| E|  |TAMS 0x0000000086800000| PB 0x0000000086800000| Complete 
| 111|0x000000008a100000, 0x000000008a200000, 0x000000008a200000|100%| E|CS|TAMS 0x000000008a100000| PB 0x000000008a100000| Complete 
| 112|0x000000008a200000, 0x000000008a300000, 0x000000008a300000|100%| E|CS|TAMS 0x000000008a200000| PB 0x000000008a200000| Complete 
| 125|0x000000008af00000, 0x000000008b000000, 0x000000008b000000|100%| E|CS|TAMS 0x000000008af00000| PB 0x000000008af00000| Complete 

Card table byte_map: [0x000001c17d340000,0x000001c17d730000] _byte_map_base: 0x000001c17cf27000

Marking Bits: (CMBitMap*) 0x000001c1748062c0
 Bits: [0x000001c17d730000, 0x000001c17f668000)

Polling page: 0x000001c173f80000

Metaspace:

Usage:
  Non-class:     22.09 MB used.
      Class:      2.66 MB used.
       Both:     24.75 MB used.

Virtual space:
  Non-class space:       64.00 MB reserved,      22.25 MB ( 35%) committed,  1 nodes.
      Class space:        1.00 GB reserved,       2.75 MB ( <1%) committed,  1 nodes.
             Both:        1.06 GB reserved,      25.00 MB (  2%) committed. 

Chunk freelists:
   Non-Class:  8.96 MB
       Class:  13.14 MB
        Both:  22.10 MB

MaxMetaspaceSize: unlimited
CompressedClassSpaceSize: 1.00 GB
Initial GC threshold: 21.00 MB
Current GC threshold: 35.12 MB
CDS: on
 - commit_granule_bytes: 65536.
 - commit_granule_words: 8192.
 - virtual_space_node_default_size: 8388608.
 - enlarge_chunks_in_place: 1.
 - use_allocation_guard: 0.


Internal statistics:

num_allocs_failed_limit: 3.
num_arena_births: 272.
num_arena_deaths: 0.
num_vsnodes_births: 2.
num_vsnodes_deaths: 0.
num_space_committed: 400.
num_space_uncommitted: 0.
num_chunks_returned_to_freelist: 3.
num_chunks_taken_from_freelist: 512.
num_chunk_merges: 0.
num_chunk_splits: 324.
num_chunks_enlarged: 191.
num_inconsistent_stats: 0.

CodeHeap 'non-profiled nmethods': size=120000Kb used=2680Kb max_used=2680Kb free=117319Kb
 bounds [0x000001c107ad0000, 0x000001c107d70000, 0x000001c10f000000]
CodeHeap 'profiled nmethods': size=120000Kb used=11420Kb max_used=11420Kb free=108579Kb
 bounds [0x000001c100000000, 0x000001c100b30000, 0x000001c107530000]
CodeHeap 'non-nmethods': size=5760Kb used=2075Kb max_used=2115Kb free=3684Kb
 bounds [0x000001c107530000, 0x000001c1077a0000, 0x000001c107ad0000]
 total_blobs=6148 nmethods=5309 adapters=743
 compilation: enabled
              stopped_count=0, restarted_count=0
 full_count=0

Compilation events (20 events):
Event: 79.013 Thread 0x000001c1111daca0 nmethod 5302 0x000001c107d6cb10 code [0x000001c107d6cca0, 0x000001c107d6cd70]
Event: 79.093 Thread 0x000001c1111daca0 5303       1       javax.swing.JScrollPane::getHorizontalScrollBar (5 bytes)
Event: 79.093 Thread 0x000001c1111daca0 nmethod 5303 0x000001c107d6ce10 code [0x000001c107d6cfa0, 0x000001c107d6d070]
Event: 79.094 Thread 0x000001c1111c5870 5304       4       java.util.IdentityHashMap::clear (39 bytes)
Event: 79.097 Thread 0x000001c1111c5870 nmethod 5304 0x000001c107d6d110 code [0x000001c107d6d2a0, 0x000001c107d6d550]
Event: 79.099 Thread 0x000001c1111c5870 5305       4       java.awt.Container::proxyEnableEvents (44 bytes)
Event: 79.101 Thread 0x000001c1111c5870 nmethod 5305 0x000001c107d6d610 code [0x000001c107d6d7c0, 0x000001c107d6d998]
Event: 79.223 Thread 0x000001c1111daca0 5306  s    3       java.awt.DefaultKeyboardFocusManager::discardKeyEvents (160 bytes)
Event: 79.224 Thread 0x000001c1111daca0 nmethod 5306 0x000001c100b1f690 code [0x000001c100b1f940, 0x000001c100b209f8]
Event: 79.224 Thread 0x000001c1111daca0 5307       3       java.awt.DefaultKeyboardFocusManager::purgeStampedEvents (92 bytes)
Event: 79.225 Thread 0x000001c1111daca0 nmethod 5307 0x000001c100b20f10 code [0x000001c100b21180, 0x000001c100b21dc8]
Event: 80.811 Thread 0x000001c1111daca0 5308   !   3       javax.swing.plaf.basic.BasicLookAndFeel$AWTEventHelper::eventDispatched (238 bytes)
Event: 80.813 Thread 0x000001c1111daca0 nmethod 5308 0x000001c100b22190 code [0x000001c100b224a0, 0x000001c100b23f00]
Event: 80.813 Thread 0x000001c1111daca0 5309  s    3       sun.awt.im.InputContext::removeNotify (148 bytes)
Event: 80.813 Thread 0x000001c1111c5870 5311       4       sun.java2d.marlin.Renderer::curveTo (84 bytes)
Event: 80.814 Thread 0x000001c1111c5870 nmethod 5311 0x000001c107d6db10 code [0x000001c107d6dd00, 0x000001c107d6df30]
Event: 80.814 Thread 0x000001c1111c5870 5312       4       sun.java2d.marlin.TransformingPathConsumer2D$PathClipFilter::curveTo (317 bytes)
Event: 80.815 Thread 0x000001c1111daca0 nmethod 5309 0x000001c100b24490 code [0x000001c100b24840, 0x000001c100b26578]
Event: 80.815 Thread 0x000001c1111daca0 5310       3       sun.awt.NullComponentPeer::dispose (1 bytes)
Event: 80.815 Thread 0x000001c1111daca0 nmethod 5310 0x000001c100b26d90 code [0x000001c100b26f20, 0x000001c100b27030]

GC Heap History (10 events):
Event: 8.698 GC heap before
{Heap before GC invocations=0 (full 0):
 garbage-first heap   total 129024K, used 29696K [0x0000000083200000, 0x0000000100000000)
  region size 1024K, 23 young (23552K), 0 survivors (0K)
 Metaspace       used 13451K, committed 13632K, reserved 1114112K
  class space    used 1457K, committed 1536K, reserved 1048576K
}
Event: 8.704 GC heap after
{Heap after GC invocations=1 (full 0):
 garbage-first heap   total 129024K, used 12850K [0x0000000083200000, 0x0000000100000000)
  region size 1024K, 3 young (3072K), 3 survivors (3072K)
 Metaspace       used 13451K, committed 13632K, reserved 1114112K
  class space    used 1457K, committed 1536K, reserved 1048576K
}
Event: 9.778 GC heap before
{Heap before GC invocations=1 (full 0):
 garbage-first heap   total 129024K, used 24114K [0x0000000083200000, 0x0000000100000000)
  region size 1024K, 16 young (16384K), 3 survivors (3072K)
 Metaspace       used 21251K, committed 21504K, reserved 1114112K
  class space    used 2295K, committed 2432K, reserved 1048576K
}
Event: 9.782 GC heap after
{Heap after GC invocations=2 (full 0):
 garbage-first heap   total 129024K, used 14444K [0x0000000083200000, 0x0000000100000000)
  region size 1024K, 2 young (2048K), 2 survivors (2048K)
 Metaspace       used 21251K, committed 21504K, reserved 1114112K
  class space    used 2295K, committed 2432K, reserved 1048576K
}
Event: 20.452 GC heap before
{Heap before GC invocations=3 (full 0):
 garbage-first heap   total 55296K, used 54380K [0x0000000083200000, 0x0000000100000000)
  region size 1024K, 25 young (25600K), 2 survivors (2048K)
 Metaspace       used 24508K, committed 24832K, reserved 1114112K
  class space    used 2688K, committed 2816K, reserved 1048576K
}
Event: 20.455 GC heap after
{Heap after GC invocations=4 (full 0):
 garbage-first heap   total 59392K, used 32747K [0x0000000083200000, 0x0000000100000000)
  region size 1024K, 4 young (4096K), 4 survivors (4096K)
 Metaspace       used 24508K, committed 24832K, reserved 1114112K
  class space    used 2688K, committed 2816K, reserved 1048576K
}
Event: 35.820 GC heap before
{Heap before GC invocations=4 (full 0):
 garbage-first heap   total 59392K, used 49131K [0x0000000083200000, 0x0000000100000000)
  region size 1024K, 20 young (20480K), 4 survivors (4096K)
 Metaspace       used 25050K, committed 25344K, reserved 1114112K
  class space    used 2714K, committed 2816K, reserved 1048576K
}
Event: 35.824 GC heap after
{Heap after GC invocations=5 (full 0):
 garbage-first heap   total 59392K, used 25245K [0x0000000083200000, 0x0000000100000000)
  region size 1024K, 1 young (1024K), 1 survivors (1024K)
 Metaspace       used 25050K, committed 25344K, reserved 1114112K
  class space    used 2714K, committed 2816K, reserved 1048576K
}
Event: 75.672 GC heap before
{Heap before GC invocations=5 (full 0):
 garbage-first heap   total 59392K, used 47773K [0x0000000083200000, 0x0000000100000000)
  region size 1024K, 23 young (23552K), 1 survivors (1024K)
 Metaspace       used 25318K, committed 25536K, reserved 1114112K
  class space    used 2718K, committed 2816K, reserved 1048576K
}
Event: 75.686 GC heap after
{Heap after GC invocations=6 (full 0):
 garbage-first heap   total 59392K, used 25048K [0x0000000083200000, 0x0000000100000000)
  region size 1024K, 1 young (1024K), 1 survivors (1024K)
 Metaspace       used 25318K, committed 25536K, reserved 1114112K
  class space    used 2718K, committed 2816K, reserved 1048576K
}

Dll operation events (12 events):
Event: 0.008 Loaded shared library C:\Program Files\Java\jdk-21\bin\java.dll
Event: 0.042 Loaded shared library C:\Program Files\Java\jdk-21\bin\jsvml.dll
Event: 0.077 Loaded shared library C:\Program Files\Java\jdk-21\bin\net.dll
Event: 0.078 Loaded shared library C:\Program Files\Java\jdk-21\bin\nio.dll
Event: 0.083 Loaded shared library C:\Program Files\Java\jdk-21\bin\zip.dll
Event: 0.106 Loaded shared library C:\Program Files\Java\jdk-21\bin\jimage.dll
Event: 0.136 Loaded shared library C:\Program Files\Java\jdk-21\bin\awt.dll
Event: 0.294 Loaded shared library C:\Program Files\Java\jdk-21\bin\freetype.dll
Event: 0.296 Loaded shared library C:\Program Files\Java\jdk-21\bin\fontmanager.dll
Event: 8.685 Loaded shared library C:\Program Files\Java\jdk-21\bin\extnet.dll
Event: 9.000 Loaded shared library C:\Program Files\Java\jdk-21\bin\sunmscapi.dll
Event: 9.801 Loaded shared library C:\Program Files\Java\jdk-21\bin\verify.dll

Deoptimization events (20 events):
Event: 38.340 Thread 0x000001c1116a75f0 Uncommon trap: trap_request=0xffffffbe fr.pc=0x000001c107d2e888 relative=0x0000000000000b08
Event: 38.340 Thread 0x000001c1116a75f0 Uncommon trap: reason=profile_predicate action=maybe_recompile pc=0x000001c107d2e888 method=java.math.BigInteger.montReduce([I[III)[I @ 56 c2
Event: 38.340 Thread 0x000001c1116a75f0 DEOPT PACKING pc=0x000001c107d2e888 sp=0x00000001c0dfcc70
Event: 38.340 Thread 0x000001c1116a75f0 DEOPT UNPACKING pc=0x000001c107587da2 sp=0x00000001c0dfcc38 mode 2
Event: 38.340 Thread 0x000001c1116a75f0 Uncommon trap: trap_request=0xffffffbe fr.pc=0x000001c107d2e888 relative=0x0000000000000b08
Event: 38.340 Thread 0x000001c1116a75f0 Uncommon trap: reason=profile_predicate action=maybe_recompile pc=0x000001c107d2e888 method=java.math.BigInteger.montReduce([I[III)[I @ 56 c2
Event: 38.340 Thread 0x000001c1116a75f0 DEOPT PACKING pc=0x000001c107d2e888 sp=0x00000001c0dfcc70
Event: 38.340 Thread 0x000001c1116a75f0 DEOPT UNPACKING pc=0x000001c107587da2 sp=0x00000001c0dfcc38 mode 2
Event: 38.340 Thread 0x000001c1116a75f0 Uncommon trap: trap_request=0xffffffbe fr.pc=0x000001c107d27b64 relative=0x0000000000000b04
Event: 38.340 Thread 0x000001c1116a75f0 Uncommon trap: reason=profile_predicate action=maybe_recompile pc=0x000001c107d27b64 method=java.math.BigInteger.montReduce([I[III)[I @ 9 c2
Event: 38.340 Thread 0x000001c1116a75f0 DEOPT PACKING pc=0x000001c107d27b64 sp=0x00000001c0dfcc70
Event: 38.340 Thread 0x000001c1116a75f0 DEOPT UNPACKING pc=0x000001c107587da2 sp=0x00000001c0dfcc40 mode 2
Event: 38.340 Thread 0x000001c1116a75f0 Uncommon trap: trap_request=0xffffffbe fr.pc=0x000001c107d27b64 relative=0x0000000000000b04
Event: 38.340 Thread 0x000001c1116a75f0 Uncommon trap: reason=profile_predicate action=maybe_recompile pc=0x000001c107d27b64 method=java.math.BigInteger.montReduce([I[III)[I @ 9 c2
Event: 38.340 Thread 0x000001c1116a75f0 DEOPT PACKING pc=0x000001c107d27b64 sp=0x00000001c0dfcc60
Event: 38.340 Thread 0x000001c1116a75f0 DEOPT UNPACKING pc=0x000001c107587da2 sp=0x00000001c0dfcc50 mode 2
Event: 73.882 Thread 0x000001c1116a75f0 DEOPT PACKING pc=0x000001c1002e1816 sp=0x00000001c0dfc0c0
Event: 73.883 Thread 0x000001c1116a75f0 DEOPT UNPACKING pc=0x000001c1075888e2 sp=0x00000001c0dfb570 mode 0
Event: 79.094 Thread 0x000001c1116a75f0 DEOPT PACKING pc=0x000001c1007af89e sp=0x00000001c0dfeaa0
Event: 79.094 Thread 0x000001c1116a75f0 DEOPT UNPACKING pc=0x000001c1075888e2 sp=0x00000001c0dfdf38 mode 0

Classes loaded (20 events):
Event: 32.282 Loading class sun/font/StandardGlyphVector$GlyphStrike
Event: 32.283 Loading class sun/font/StandardGlyphVector$GlyphStrike done
Event: 32.294 Loading class javax/swing/plaf/basic/BasicPopupMenuUI$Actions
Event: 32.294 Loading class javax/swing/plaf/basic/BasicPopupMenuUI$Actions done
Event: 32.295 Loading class javax/swing/plaf/basic/BasicPopupMenuUI$MouseGrabber$1
Event: 32.295 Loading class javax/swing/plaf/basic/BasicPopupMenuUI$MouseGrabber$1 done
Event: 32.295 Loading class javax/swing/event/PopupMenuEvent
Event: 32.295 Loading class javax/swing/event/PopupMenuEvent done
Event: 32.298 Loading class javax/swing/plaf/nimbus/SpinnerNextButtonPainter
Event: 32.299 Loading class javax/swing/plaf/nimbus/SpinnerNextButtonPainter done
Event: 32.301 Loading class javax/swing/plaf/nimbus/SpinnerPreviousButtonPainter
Event: 32.302 Loading class javax/swing/plaf/nimbus/SpinnerPreviousButtonPainter done
Event: 32.303 Loading class javax/swing/plaf/nimbus/ComboBoxArrowButtonPainter
Event: 32.304 Loading class javax/swing/plaf/nimbus/ComboBoxArrowButtonPainter done
Event: 32.325 Loading class sun/awt/UngrabEvent
Event: 32.326 Loading class sun/awt/UngrabEvent done
Event: 36.646 Loading class javax/swing/plaf/basic/BasicPopupMenuUI$MouseGrabber$2
Event: 36.646 Loading class javax/swing/plaf/basic/BasicPopupMenuUI$MouseGrabber$2 done
Event: 71.755 Loading class java/security/DomainCombiner
Event: 71.757 Loading class java/security/DomainCombiner done

Classes unloaded (0 events):
No events

Classes redefined (0 events):
No events

Internal exceptions (20 events):
Event: 0.675 Thread 0x000001c111638960 Exception <a 'java/lang/NoSuchMethodError'{0x000000008acfa3b8}: 'void java.lang.invoke.DirectMethodHandle$Holder.invokeVirtual(java.lang.Object, java.lang.Object)'> (0x000000008acfa3b8) 
thrown [s\open\src\hotspot\share\interpreter\linkResolver.cpp, line 773]
Event: 0.702 Thread 0x000001c1116a75f0 Exception <a 'java/lang/NoSuchMethodError'{0x000000008a411d70}: 'void java.lang.invoke.DirectMethodHandle$Holder.invokeStaticInit(java.lang.Object)'> (0x000000008a411d70) 
thrown [s\open\src\hotspot\share\interpreter\linkResolver.cpp, line 773]
Event: 8.658 Thread 0x000001c1116a75f0 Exception <a 'java/lang/NoSuchMethodError'{0x0000000089a51de8}: 'java.lang.Object java.lang.invoke.DirectMethodHandle$Holder.invokeInterface(java.lang.Object, java.lang.Object)'> (0x0000000089a51de8) 
thrown [s\open\src\hotspot\share\interpreter\linkResolver.cpp, line 773]
Event: 8.728 Thread 0x000001c1116a75f0 Exception <a 'java/lang/NoSuchMethodError'{0x000000008ae52888}: 'java.lang.Object java.lang.invoke.DirectMethodHandle$Holder.invokeStatic(java.lang.Object, long, java.lang.Object)'> (0x000000008ae52888) 
thrown [s\open\src\hotspot\share\interpreter\linkResolver.cpp, line 773]
Event: 8.728 Thread 0x000001c1116a75f0 Exception <a 'java/lang/NoSuchMethodError'{0x000000008ae56190}: 'java.lang.Object java.lang.invoke.DirectMethodHandle$Holder.invokeStaticInit(java.lang.Object, long, java.lang.Object)'> (0x000000008ae56190) 
thrown [s\open\src\hotspot\share\interpreter\linkResolver.cpp, line 773]
Event: 8.729 Thread 0x000001c1116a75f0 Exception <a 'java/lang/NoSuchMethodError'{0x000000008ae5bba8}: 'java.lang.Object java.lang.invoke.DirectMethodHandle$Holder.newInvokeSpecial(java.lang.Object, long)'> (0x000000008ae5bba8) 
thrown [s\open\src\hotspot\share\interpreter\linkResolver.cpp, line 773]
Event: 8.846 Thread 0x000001c1116a75f0 Exception <a 'java/lang/NoSuchMethodError'{0x000000008adc0330}: 'void java.lang.invoke.DirectMethodHandle$Holder.invokeStatic(java.lang.Object, java.lang.Object)'> (0x000000008adc0330) 
thrown [s\open\src\hotspot\share\interpreter\linkResolver.cpp, line 773]
Event: 8.855 Thread 0x000001c1116a75f0 Exception <a 'java/lang/NoSuchMethodError'{0x000000008adcb490}: 'java.lang.Object java.lang.invoke.DirectMethodHandle$Holder.invokeVirtual(java.lang.Object, java.lang.Object, java.lang.Object, java.lang.Object)'> (0x000000008adcb490) 
thrown [s\open\src\hotspot\share\interpreter\linkResolver.cpp, line 773]
Event: 8.857 Thread 0x000001c1116a75f0 Exception <a 'java/lang/NoSuchMethodError'{0x000000008add6068}: 'java.lang.Object java.lang.invoke.Invokers$Holder.invokeExact_MT(java.lang.Object, java.lang.Object, java.lang.Object, java.lang.Object, java.lang.Object)'> (0x000000008add6068) 
thrown [s\open\src\hotspot\share\interpreter\linkResolver.cpp, line 773]
Event: 8.863 Thread 0x000001c1116a75f0 Exception <a 'java/lang/NoSuchMethodError'{0x000000008ade1f28}: 'java.lang.Object java.lang.invoke.DirectMethodHandle$Holder.invokeStaticInit(java.lang.Object, int, int, int, int)'> (0x000000008ade1f28) 
thrown [s\open\src\hotspot\share\interpreter\linkResolver.cpp, line 773]
Event: 8.984 Thread 0x000001c1116a75f0 Exception <a 'java/lang/NoSuchMethodError'{0x000000008acd3f98}: 'java.lang.Object java.lang.invoke.DirectMethodHandle$Holder.invokeStaticInit(java.lang.Object, java.lang.Object, int, int, int, int)'> (0x000000008acd3f98) 
thrown [s\open\src\hotspot\share\interpreter\linkResolver.cpp, line 773]
Event: 9.036 Thread 0x000001c1116a75f0 Exception <a 'sun/nio/fs/WindowsException'{0x000000008ab7f0e0}> (0x000000008ab7f0e0) 
thrown [s\open\src\hotspot\share\prims\jni.cpp, line 520]
Event: 10.977 Thread 0x000001c1116a75f0 Implicit null exception at 0x000001c107b3b2e6 to 0x000001c107b3b74c
Event: 10.981 Thread 0x000001c1116a75f0 Implicit null exception at 0x000001c107b3b2e6 to 0x000001c107b3b74c
Event: 10.981 Thread 0x000001c1116a75f0 Implicit null exception at 0x000001c107b34be6 to 0x000001c107b3519c
Event: 10.982 Thread 0x000001c1116a75f0 Implicit null exception at 0x000001c107b3b2e6 to 0x000001c107b3b74c
Event: 10.992 Thread 0x000001c1116a75f0 Implicit null exception at 0x000001c107b34be6 to 0x000001c107b3519c
Event: 12.355 Thread 0x000001c158775fe0 Exception <a 'java/io/FileNotFoundException'{0x0000000085c98808}> (0x0000000085c98808) 
thrown [s\open\src\hotspot\share\prims\jni.cpp, line 520]
Event: 12.357 Thread 0x000001c157e47c50 Exception <a 'java/io/FileNotFoundException'{0x0000000085a7cc50}> (0x0000000085a7cc50) 
thrown [s\open\src\hotspot\share\prims\jni.cpp, line 520]
Event: 32.305 Thread 0x000001c1116a75f0 Implicit null exception at 0x000001c107c5b888 to 0x000001c107c5d928

ZGC Phase Switch (0 events):
No events

VM Operations (20 events):
Event: 61.069 Executing VM operation: Cleanup
Event: 61.069 Executing VM operation: Cleanup done
Event: 68.131 Executing VM operation: Cleanup
Event: 68.131 Executing VM operation: Cleanup done
Event: 69.139 Executing VM operation: Cleanup
Event: 69.139 Executing VM operation: Cleanup done
Event: 71.148 Executing VM operation: Cleanup
Event: 71.148 Executing VM operation: Cleanup done
Event: 72.154 Executing VM operation: Cleanup
Event: 72.154 Executing VM operation: Cleanup done
Event: 73.166 Executing VM operation: Cleanup
Event: 73.166 Executing VM operation: Cleanup done
Event: 74.179 Executing VM operation: Cleanup
Event: 74.180 Executing VM operation: Cleanup done
Event: 75.672 Executing VM operation: G1CollectForAllocation (G1 Evacuation Pause)
Event: 75.687 Executing VM operation: G1CollectForAllocation (G1 Evacuation Pause) done
Event: 77.690 Executing VM operation: Cleanup
Event: 77.690 Executing VM operation: Cleanup done
Event: 78.699 Executing VM operation: Cleanup
Event: 78.700 Executing VM operation: Cleanup done

Events (20 events):
Event: 0.065 Thread 0x000001c1114792d0 Thread added: 0x000001c1114792d0
Event: 0.210 Thread 0x000001c1116358e0 Thread added: 0x000001c1116358e0
Event: 0.212 Thread 0x000001c111638120 Thread added: 0x000001c111638120
Event: 0.214 Thread 0x000001c111638960 Thread added: 0x000001c111638960
Event: 0.391 Thread 0x000001c1116a75f0 Thread added: 0x000001c1116a75f0
Event: 0.392 Thread 0x000001c1726dfc60 Thread exited: 0x000001c1726dfc60
Event: 0.392 Thread 0x000001c1726dfc60 Thread added: 0x000001c1726dfc60
Event: 0.515 Thread 0x000001c157966030 Thread added: 0x000001c157966030
Event: 0.556 Thread 0x000001c1111ddc50 Thread added: 0x000001c1111ddc50
Event: 1.019 Thread 0x000001c158096b50 Thread added: 0x000001c158096b50
Event: 1.331 Thread 0x000001c1111ddc50 Thread exited: 0x000001c1111ddc50
Event: 5.677 Thread 0x000001c157966030 Thread exited: 0x000001c157966030
Event: 8.567 Thread 0x000001c1111da5d0 Thread added: 0x000001c1111da5d0
Event: 9.900 Thread 0x000001c157e47c50 Thread added: 0x000001c157e47c50
Event: 10.270 Thread 0x000001c158775fe0 Thread added: 0x000001c158775fe0
Event: 11.491 Thread 0x000001c1111da5d0 Thread exited: 0x000001c1111da5d0
Event: 12.746 Thread 0x000001c1111db370 Thread added: 0x000001c1111db370
Event: 12.996 Thread 0x000001c1111db370 Thread exited: 0x000001c1111db370
Event: 17.362 Thread 0x000001c158775fe0 Thread exited: 0x000001c158775fe0
Event: 17.362 Thread 0x000001c157e47c50 Thread exited: 0x000001c157e47c50


Dynamic libraries:
0x00007ff78a460000 - 0x00007ff78a470000 	C:\Program Files\Java\jdk-21\bin\java.exe
0x00007ffa0e690000 - 0x00007ffa0e888000 	C:\Windows\SYSTEM32\ntdll.dll
0x00007ffa0de20000 - 0x00007ffa0dedd000 	C:\Windows\System32\KERNEL32.DLL
0x00007ffa0c330000 - 0x00007ffa0c626000 	C:\Windows\System32\KERNELBASE.dll
0x00007ffa0c230000 - 0x00007ffa0c330000 	C:\Windows\System32\ucrtbase.dll
0x00007ff9fdcd0000 - 0x00007ff9fdceb000 	C:\Program Files\Java\jdk-21\bin\VCRUNTIME140.dll
0x00007ffa025e0000 - 0x00007ffa025f9000 	C:\Program Files\Java\jdk-21\bin\jli.dll
0x00007ffa0d750000 - 0x00007ffa0d800000 	C:\Windows\System32\ADVAPI32.dll
0x00007ffa0d000000 - 0x00007ffa0d09e000 	C:\Windows\System32\msvcrt.dll
0x00007ffa0d620000 - 0x00007ffa0d6c0000 	C:\Windows\System32\sechost.dll
0x00007ffa0d470000 - 0x00007ffa0d595000 	C:\Windows\System32\RPCRT4.dll
0x00007ffa0bed0000 - 0x00007ffa0bef7000 	C:\Windows\System32\bcrypt.dll
0x00007ffa0cdb0000 - 0x00007ffa0cf4e000 	C:\Windows\System32\USER32.dll
0x00007ffa0bd40000 - 0x00007ffa0bd62000 	C:\Windows\System32\win32u.dll
0x00007ffa0d180000 - 0x00007ffa0d1ab000 	C:\Windows\System32\GDI32.dll
0x00007ffa0bf00000 - 0x00007ffa0c017000 	C:\Windows\System32\gdi32full.dll
0x00007ff9f4d40000 - 0x00007ff9f4fda000 	C:\Windows\WinSxS\amd64_microsoft.windows.common-controls_6595b64144ccf1df_6.0.19041.3636_none_60b6a03d71f818d5\COMCTL32.dll
0x00007ffa0c0d0000 - 0x00007ffa0c16d000 	C:\Windows\System32\msvcp_win.dll
0x00007ffa00610000 - 0x00007ffa0061a000 	C:\Windows\SYSTEM32\VERSION.dll
0x00007ffa0dd70000 - 0x00007ffa0dda2000 	C:\Windows\System32\IMM32.DLL
0x00007ff9ff4c0000 - 0x00007ff9ff4cc000 	C:\Program Files\Java\jdk-21\bin\vcruntime140_1.dll
0x00007ff9d2430000 - 0x00007ff9d24be000 	C:\Program Files\Java\jdk-21\bin\msvcp140.dll
0x00007ff9b98d0000 - 0x00007ff9ba5e5000 	C:\Program Files\Java\jdk-21\bin\server\jvm.dll
0x00007ffa0dd00000 - 0x00007ffa0dd6b000 	C:\Windows\System32\WS2_32.dll
0x00007ffa0b290000 - 0x00007ffa0b2db000 	C:\Windows\SYSTEM32\POWRPROF.dll
0x00007ff9fd150000 - 0x00007ff9fd177000 	C:\Windows\SYSTEM32\WINMM.dll
0x00007ffa0b150000 - 0x00007ffa0b162000 	C:\Windows\SYSTEM32\UMPDC.dll
0x00007ffa0a580000 - 0x00007ffa0a592000 	C:\Windows\SYSTEM32\kernel.appcore.dll
0x00007ff9fef90000 - 0x00007ff9fef9a000 	C:\Program Files\Java\jdk-21\bin\jimage.dll
0x00007ffa09920000 - 0x00007ffa09b04000 	C:\Windows\SYSTEM32\DBGHELP.DLL
0x00007ff9fd110000 - 0x00007ff9fd144000 	C:\Windows\SYSTEM32\dbgcore.DLL
0x00007ffa0c630000 - 0x00007ffa0c6b2000 	C:\Windows\System32\bcryptPrimitives.dll
0x00007ff9fdc90000 - 0x00007ff9fdcaf000 	C:\Program Files\Java\jdk-21\bin\java.dll
0x00007ffa0dee0000 - 0x00007ffa0e64b000 	C:\Windows\System32\SHELL32.dll
0x00007ffa09dd0000 - 0x00007ffa0a56e000 	C:\Windows\SYSTEM32\windows.storage.dll
0x00007ffa0ca50000 - 0x00007ffa0cda3000 	C:\Windows\System32\combase.dll
0x00007ffa0b770000 - 0x00007ffa0b79e000 	C:\Windows\SYSTEM32\Wldp.dll
0x00007ffa0d1c0000 - 0x00007ffa0d28d000 	C:\Windows\System32\OLEAUT32.dll
0x00007ffa0c870000 - 0x00007ffa0c91d000 	C:\Windows\System32\SHCORE.dll
0x00007ffa0d410000 - 0x00007ffa0d465000 	C:\Windows\System32\shlwapi.dll
0x00007ffa0bc70000 - 0x00007ffa0bc95000 	C:\Windows\SYSTEM32\profapi.dll
0x00007ff9ce220000 - 0x00007ff9ce2f7000 	C:\Program Files\Java\jdk-21\bin\jsvml.dll
0x00007ff9fd9b0000 - 0x00007ff9fd9c0000 	C:\Program Files\Java\jdk-21\bin\net.dll
0x00007ffa06380000 - 0x00007ffa0648a000 	C:\Windows\SYSTEM32\WINHTTP.dll
0x00007ffa0b4d0000 - 0x00007ffa0b53a000 	C:\Windows\system32\mswsock.dll
0x00007ff9fcd20000 - 0x00007ff9fcd36000 	C:\Program Files\Java\jdk-21\bin\nio.dll
0x00007ff9f5090000 - 0x00007ff9f50a8000 	C:\Program Files\Java\jdk-21\bin\zip.dll
0x00007ff9ca970000 - 0x00007ff9caaff000 	C:\Program Files\Java\jdk-21\bin\awt.dll
0x00007ffa09160000 - 0x00007ffa091f0000 	C:\Windows\SYSTEM32\apphelp.dll
0x00007ffa092c0000 - 0x00007ffa0935e000 	C:\Windows\system32\uxtheme.dll
0x00007ffa0d2f0000 - 0x00007ffa0d405000 	C:\Windows\System32\MSCTF.dll
0x00007ffa0c920000 - 0x00007ffa0ca4b000 	C:\Windows\System32\ole32.dll
0x00007ffa09440000 - 0x00007ffa0946f000 	C:\Windows\system32\DWMAPI.DLL
0x00007ff9ce4c0000 - 0x00007ff9ce547000 	C:\Program Files\Java\jdk-21\bin\freetype.dll
0x00007ff9cb5d0000 - 0x00007ff9cb6a3000 	C:\Program Files\Java\jdk-21\bin\fontmanager.dll
0x00007ff9dcda0000 - 0x00007ff9dcec5000 	C:\Windows\system32\opengl32.dll
0x00007ff9f3f80000 - 0x00007ff9f3fac000 	C:\Windows\SYSTEM32\GLU32.dll
0x00007ffa0cf50000 - 0x00007ffa0cff9000 	C:\Windows\System32\clbcatq.dll
0x00007ffa061b0000 - 0x00007ffa06364000 	C:\Windows\SYSTEM32\WindowsCodecs.dll
0x00007ff9ecbe0000 - 0x00007ff9ecc1e000 	C:\Windows\system32\dataexchange.dll
0x00007ffa08650000 - 0x00007ffa08833000 	C:\Windows\system32\dcomp.dll
0x00007ffa07d40000 - 0x00007ffa07fa3000 	C:\Windows\system32\d3d11.dll
0x00007ffa0a5f0000 - 0x00007ffa0a6e3000 	C:\Windows\system32\dxgi.dll
0x00007ffa05ef0000 - 0x00007ffa060f3000 	C:\Windows\system32\twinapi.appcore.dll
0x00007ff9feb10000 - 0x00007ff9fec09000 	C:\Windows\SYSTEM32\textinputframework.dll
0x00007ffa08840000 - 0x00007ffa08b9b000 	C:\Windows\System32\CoreUIComponents.dll
0x00007ffa08f20000 - 0x00007ffa09012000 	C:\Windows\System32\CoreMessaging.dll
0x00007ffa0aed0000 - 0x00007ffa0af03000 	C:\Windows\SYSTEM32\ntmarta.dll
0x00007ffa07780000 - 0x00007ffa078d5000 	C:\Windows\SYSTEM32\wintypes.dll
0x00007ff9f46f0000 - 0x00007ff9f46f7000 	C:\Program Files\Java\jdk-21\bin\extnet.dll
0x00007ff9e4730000 - 0x00007ff9e4747000 	C:\Windows\system32\napinsp.dll
0x00007ff9e4710000 - 0x00007ff9e472b000 	C:\Windows\system32\pnrpnsp.dll
0x00007ffa068a0000 - 0x00007ffa068b5000 	C:\Windows\system32\wshbth.dll
0x00007ffa07160000 - 0x00007ffa0717d000 	C:\Windows\system32\NLAapi.dll
0x00007ffa0b170000 - 0x00007ffa0b1ab000 	C:\Windows\SYSTEM32\IPHLPAPI.DLL
0x00007ffa0b1b0000 - 0x00007ffa0b27b000 	C:\Windows\SYSTEM32\DNSAPI.dll
0x00007ffa0de10000 - 0x00007ffa0de18000 	C:\Windows\System32\NSI.dll
0x00007ff9e46f0000 - 0x00007ff9e4702000 	C:\Windows\System32\winrnr.dll
0x00007ffa03b70000 - 0x00007ffa03b7a000 	C:\Windows\System32\rasadhlp.dll
0x00007ffa00990000 - 0x00007ffa00a10000 	C:\Windows\System32\fwpuclnt.dll
0x00007ffa0b6c0000 - 0x00007ffa0b6d8000 	C:\Windows\SYSTEM32\CRYPTSP.dll
0x00007ffa0ad90000 - 0x00007ffa0adc4000 	C:\Windows\system32\rsaenh.dll
0x00007ffa0bbf0000 - 0x00007ffa0bc1e000 	C:\Windows\SYSTEM32\USERENV.dll
0x00007ffa0b6e0000 - 0x00007ffa0b6ec000 	C:\Windows\SYSTEM32\CRYPTBASE.dll
0x00007ffa072c0000 - 0x00007ffa072ce000 	C:\Program Files\Java\jdk-21\bin\sunmscapi.dll
0x00007ffa0bd70000 - 0x00007ffa0becd000 	C:\Windows\System32\CRYPT32.dll
0x00007ffa0b7e0000 - 0x00007ffa0b808000 	C:\Windows\SYSTEM32\ncrypt.dll
0x00007ffa0b7a0000 - 0x00007ffa0b7db000 	C:\Windows\SYSTEM32\NTASN1.dll
0x00007ff9f5180000 - 0x00007ff9f5190000 	C:\Program Files\Java\jdk-21\bin\verify.dll

dbghelp: loaded successfully - version: 4.0.5 - missing functions: none
symbol engine: initialized successfully - sym options: 0x614 - pdb path: .;C:\Program Files\Java\jdk-21\bin;C:\Windows\SYSTEM32;C:\Windows\WinSxS\amd64_microsoft.windows.common-controls_6595b64144ccf1df_6.0.19041.3636_none_60b6a03d71f818d5;C:\Program Files\Java\jdk-21\bin\server

VM Arguments:
java_command: views.main.client.ClientLogin
java_class_path (initial): D:\code\Java\project_qlTienNuoc\ThuTienNuoc_NMCNPM\target\classes;C:\Users\LENOVO\.m2\repository\com\microsoft\sqlserver\mssql-jdbc\12.4.2.jre11\mssql-jdbc-12.4.2.jre11.jar;C:\Users\LENOVO\.m2\repository\org\netbeans\external\AbsoluteLayout\RELEASE170\AbsoluteLayout-RELEASE170.jar;C:\Users\LENOVO\.m2\repository\com\toedter\jcalendar\1.4\jcalendar-1.4.jar;C:\Users\LENOVO\.m2\repository\com\sun\mail\javax.mail\1.6.2\javax.mail-1.6.2.jar;C:\Users\LENOVO\.m2\repository\javax\activation\activation\1.1\activation-1.1.jar;C:\Users\LENOVO\.m2\repository\net\java\dev\timingframework\timingframework\1.0\timingframework-1.0.jar;C:\Users\LENOVO\.m2\repository\org\mindrot\jbcrypt\0.4\jbcrypt-0.4.jar;C:\Users\LENOVO\.m2\repository\org\jfree\jfreechart\1.5.4\jfreechart-1.5.4.jar
Launcher Type: SUN_STANDARD

[Global flags]
     intx CICompilerCount                          = 4                                         {product} {ergonomic}
     uint ConcGCThreads                            = 2                                         {product} {ergonomic}
     uint G1ConcRefinementThreads                  = 8                                         {product} {ergonomic}
   size_t G1HeapRegionSize                         = 1048576                                   {product} {ergonomic}
    uintx GCDrainStackTargetSize                   = 64                                        {product} {ergonomic}
   size_t InitialHeapSize                          = 132120576                                 {product} {ergonomic}
   size_t MarkStackSize                            = 4194304                                   {product} {ergonomic}
   size_t MaxHeapSize                              = 2095054848                                {product} {ergonomic}
   size_t MaxNewSize                               = 1256194048                                {product} {ergonomic}
   size_t MinHeapDeltaBytes                        = 1048576                                   {product} {ergonomic}
   size_t MinHeapSize                              = 8388608                                   {product} {ergonomic}
    uintx NonNMethodCodeHeapSize                   = 5839372                                {pd product} {ergonomic}
    uintx NonProfiledCodeHeapSize                  = 122909434                              {pd product} {ergonomic}
    uintx ProfiledCodeHeapSize                     = 122909434                              {pd product} {ergonomic}
    uintx ReservedCodeCacheSize                    = 251658240                              {pd product} {ergonomic}
     bool SegmentedCodeCache                       = true                                      {product} {ergonomic}
   size_t SoftMaxHeapSize                          = 2095054848                             {manageable} {ergonomic}
     bool UseCompressedOops                        = true                           {product lp64_product} {ergonomic}
     bool UseG1GC                                  = true                                      {product} {ergonomic}
     bool UseLargePagesIndividualAllocation        = false                                  {pd product} {ergonomic}

Logging:
Log output configuration:
 #0: stdout all=warning uptime,level,tags foldmultilines=false
 #1: stderr all=off uptime,level,tags foldmultilines=false

Environment Variables:
JAVA_HOME=C:\Program Files\Java\jdk-21
PATH=C:\Program Files\Microsoft MPI\Bin\;C:\Python312\Scripts\;C:\Python312\;C:\Program Files\Common Files\Oracle\Java\javapath;C:\Program Files (x86)\VMware\VMware Player\bin\;C:\Program Files\Python310\Scripts\;C:\Program Files\Python310\;C:\Windows\system32;C:\Windows;C:\Windows\System32\Wbem;C:\Windows\System32\WindowsPowerShell\v1.0\;C:\Windows\System32\OpenSSH\;C:\Program Files\mingw32\bin;C:\Program Files\Java\jdk-21\bin;C:\Program Files\Git\cmd;C:\Program Files\Azure Data Studio\bin;D:\code\Library\js\;C:\ProgramData\chocolatey\bin;C:\Program Files (x86)\Microsoft SQL Server\160\Tools\Binn\;C:\Program Files\Microsoft SQL Server\160\Tools\Binn\;C:\Program Files\Microsoft SQL Server\Client SDK\ODBC\170\Tools\Binn\;C:\Program Files\Microsoft SQL Server\160\DTS\Binn\;C:\Program Files (x86)\Microsoft SQL Server\160\DTS\Binn\;C:\Program Files\Microsoft SQL Server\150\Tools\Binn\;C:\Program Files\Microsoft SQL Server\130\Tools\Binn\;C:\Program Files\MySQL\MySQL Shell 8.0\bin\;C:\Users\LENOVO\AppData\Local\Microsoft\WindowsApps;C:\Users\LENOVO\AppData\Local\Programs\Microsoft VS Code\bin;C:\Program Files\Azure Data Studio\bin;C:\Program Files\JetBrains\IntelliJ IDEA 2023.2.4\bin;;C:\Users\LENOVO\AppData\Local\GitHubDesktop\bin;C:\Program Files\Azure Data Studio\bin;C:\Users\LENOVO\AppData\Roaming\npm
USERNAME=LENOVO
OS=Windows_NT
PROCESSOR_IDENTIFIER=Intel64 Family 6 Model 140 Stepping 1, GenuineIntel
TMP=C:\Users\LENOVO\AppData\Local\Temp
TEMP=C:\Users\LENOVO\AppData\Local\Temp




Periodic native trim disabled

---------------  S Y S T E M  ---------------

OS:
 Windows 10 , 64 bit Build 19041 (10.0.19041.3636)
OS uptime: 1 days 14:06 hours

CPU: total 8 (initial active 8) (4 cores per cpu, 2 threads per core) family 6 model 140 stepping 1 microcode 0x66, cx8, cmov, fxsr, ht, mmx, 3dnowpref, sse, sse2, sse3, ssse3, sse4.1, sse4.2, popcnt, lzcnt, tsc, tscinvbit, avx, avx2, aes, erms, clmul, bmi1, bmi2, adx, avx512f, avx512dq, avx512cd, avx512bw, avx512vl, sha, fma, vzeroupper, avx512_vpopcntdq, avx512_vpclmulqdq, avx512_vaes, avx512_vnni, clflush, clflushopt, clwb, avx512_vbmi2, avx512_vbmi, rdtscp, rdpid, fsrm, gfni, avx512_bitalg, f16c, pku, cet_ibt, cet_ss, avx512_ifma
Processor Information for all 8 processors :
  Max Mhz: 2419, Current Mhz: 2419, Mhz Limit: 2419

Memory: 4k page, system-wide physical 7991M (523M free)
TotalPageFile size 31049M (AvailPageFile size 0M)
current process WorkingSet (physical memory assigned to process): 107M, peak: 177M
current process commit charge ("private bytes"): 201M, peak: 266M

vm_info: Java HotSpot(TM) 64-Bit Server VM (21.0.1+12-LTS-29) for windows-amd64 JRE (21.0.1+12-LTS-29), built on 2023-10-05T13:27:09Z by "mach5one" with MS VC++ 17.1 (VS2022)

END.
